  ModuleSceneIntro.cpp
C:\Users\joseti1\Documents\GitHub\Pinball\ModuleSceneIntro.cpp(104,45): warning C4244: 'argument': conversion from 'TYPE' to 'TYPE', possible loss of data
          with
          [
              TYPE=int
          ]
          and
          [
              TYPE=float
          ]
C:\Users\joseti1\Documents\GitHub\Pinball\ModuleSceneIntro.cpp(104,30): warning C4244: 'argument': conversion from 'TYPE' to 'TYPE', possible loss of data
          with
          [
              TYPE=int
          ]
          and
          [
              TYPE=float
          ]
C:\Users\joseti1\Documents\GitHub\Pinball\ModuleSceneIntro.cpp(106,18): warning C4244: 'argument': conversion from 'int' to 'float', possible loss of data
C:\Users\joseti1\Documents\GitHub\Pinball\ModuleSceneIntro.cpp(109,70): warning C4244: 'argument': conversion from 'TYPE' to 'int', possible loss of data
          with
          [
              TYPE=float
          ]
C:\Users\joseti1\Documents\GitHub\Pinball\ModuleSceneIntro.cpp(109,47): warning C4244: 'argument': conversion from 'TYPE' to 'int', possible loss of data
          with
          [
              TYPE=float
          ]
C:\Users\joseti1\Documents\GitHub\Pinball\ModuleSceneIntro.cpp(113,138): warning C4244: 'argument': conversion from 'TYPE' to 'int', possible loss of data
          with
          [
              TYPE=float
          ]
C:\Users\joseti1\Documents\GitHub\Pinball\ModuleSceneIntro.cpp(113,96): warning C4244: 'argument': conversion from 'TYPE' to 'int', possible loss of data
          with
          [
              TYPE=float
          ]
C:\Users\joseti1\Documents\GitHub\Pinball\ModuleSceneIntro.cpp(113,57): warning C4244: 'argument': conversion from 'TYPE' to 'int', possible loss of data
          with
          [
              TYPE=float
          ]
C:\Users\joseti1\Documents\GitHub\Pinball\ModuleSceneIntro.cpp(113,34): warning C4244: 'argument': conversion from 'TYPE' to 'int', possible loss of data
          with
          [
              TYPE=float
          ]
  SDL Game.vcxproj -> C:\Users\joseti1\Documents\GitHub\Pinball\Debug\Box2D - Tutorial.exe
